Build started 3/29/2015 4:35:08 PM.
     1>Project "C:\Users\Gong\Documents\GitHub\SSW555tm052015s\SSW555\SSW555.vcxproj" on node 2 (Build target(s)).
     1>ClCompile:
         E:\Microsoft Visual Studio\VC\bin\CL.exe /c /ZI /nologo /W3 /WX- /Od /Oy- /D WIN32 /D _DEBUG /D _CONSOLE /D _LIB /D _UNICODE /D UNICODE /Gm /EHsc /RTC1 /MDd /GS /fp:precise /Zc:wchar_t /Zc:forScope /Fo"Debug\\" /Fd"Debug\vc120.pdb" /Gd /TP /analyze- /errorReport:prompt Source.cpp
         Source.cpp
     1>c:\users\gong\documents\github\ssw555tm052015s\ssw555\source.cpp(280): warning C4018: '<' : signed/unsigned mismatch
     1>c:\users\gong\documents\github\ssw555tm052015s\ssw555\source.cpp(282): warning C4018: '<' : signed/unsigned mismatch
     1>c:\users\gong\documents\github\ssw555tm052015s\ssw555\source.cpp(286): warning C4018: '<' : signed/unsigned mismatch
     1>c:\users\gong\documents\github\ssw555tm052015s\ssw555\source.cpp(301): warning C4018: '<' : signed/unsigned mismatch
     1>c:\users\gong\documents\github\ssw555tm052015s\ssw555\source.cpp(304): warning C4018: '<' : signed/unsigned mismatch
     1>c:\users\gong\documents\github\ssw555tm052015s\ssw555\source.cpp(320): warning C4018: '<' : signed/unsigned mismatch
     1>c:\users\gong\documents\github\ssw555tm052015s\ssw555\source.cpp(322): warning C4018: '<' : signed/unsigned mismatch
     1>c:\users\gong\documents\github\ssw555tm052015s\ssw555\source.cpp(326): warning C4018: '<' : signed/unsigned mismatch
     1>c:\users\gong\documents\github\ssw555tm052015s\ssw555\source.cpp(341): warning C4018: '<' : signed/unsigned mismatch
     1>c:\users\gong\documents\github\ssw555tm052015s\ssw555\source.cpp(345): warning C4018: '<' : signed/unsigned mismatch
     1>c:\users\gong\documents\github\ssw555tm052015s\ssw555\source.cpp(360): warning C4018: '<' : signed/unsigned mismatch
     1>c:\users\gong\documents\github\ssw555tm052015s\ssw555\source.cpp(363): warning C4018: '<' : signed/unsigned mismatch
     1>c:\users\gong\documents\github\ssw555tm052015s\ssw555\source.cpp(383): warning C4018: '<' : signed/unsigned mismatch
     1>c:\users\gong\documents\github\ssw555tm052015s\ssw555\source.cpp(386): warning C4018: '<' : signed/unsigned mismatch
     1>c:\users\gong\documents\github\ssw555tm052015s\ssw555\source.cpp(389): warning C4018: '<' : signed/unsigned mismatch
     1>c:\users\gong\documents\github\ssw555tm052015s\ssw555\source.cpp(400): warning C4018: '<' : signed/unsigned mismatch
     1>c:\users\gong\documents\github\ssw555tm052015s\ssw555\source.cpp(403): warning C4018: '<' : signed/unsigned mismatch
     1>c:\users\gong\documents\github\ssw555tm052015s\ssw555\source.cpp(410): warning C4018: '<' : signed/unsigned mismatch
     1>c:\users\gong\documents\github\ssw555tm052015s\ssw555\source.cpp(424): warning C4018: '<' : signed/unsigned mismatch
     1>c:\users\gong\documents\github\ssw555tm052015s\ssw555\source.cpp(427): warning C4018: '<' : signed/unsigned mismatch
     1>c:\users\gong\documents\github\ssw555tm052015s\ssw555\source.cpp(430): warning C4018: '<' : signed/unsigned mismatch
     1>c:\users\gong\documents\github\ssw555tm052015s\ssw555\source.cpp(441): warning C4018: '<' : signed/unsigned mismatch
     1>c:\users\gong\documents\github\ssw555tm052015s\ssw555\source.cpp(444): warning C4018: '<' : signed/unsigned mismatch
     1>c:\users\gong\documents\github\ssw555tm052015s\ssw555\source.cpp(455): warning C4018: '<' : signed/unsigned mismatch
     1>c:\users\gong\documents\github\ssw555tm052015s\ssw555\source.cpp(458): warning C4018: '<' : signed/unsigned mismatch
     1>c:\users\gong\documents\github\ssw555tm052015s\ssw555\source.cpp(475): warning C4018: '<' : signed/unsigned mismatch
     1>c:\users\gong\documents\github\ssw555tm052015s\ssw555\source.cpp(498): warning C4018: '<' : signed/unsigned mismatch
     1>c:\users\gong\documents\github\ssw555tm052015s\ssw555\source.cpp(502): warning C4018: '<' : signed/unsigned mismatch
     1>c:\users\gong\documents\github\ssw555tm052015s\ssw555\source.cpp(507): warning C4018: '<' : signed/unsigned mismatch
     1>c:\users\gong\documents\github\ssw555tm052015s\ssw555\source.cpp(512): warning C4018: '<' : signed/unsigned mismatch
     1>c:\users\gong\documents\github\ssw555tm052015s\ssw555\source.cpp(540): warning C4018: '<' : signed/unsigned mismatch
     1>c:\users\gong\documents\github\ssw555tm052015s\ssw555\source.cpp(573): warning C4018: '<' : signed/unsigned mismatch
     1>c:\users\gong\documents\github\ssw555tm052015s\ssw555\source.cpp(575): warning C4018: '<' : signed/unsigned mismatch
     1>c:\users\gong\documents\github\ssw555tm052015s\ssw555\source.cpp(579): warning C4018: '<' : signed/unsigned mismatch
     1>c:\users\gong\documents\github\ssw555tm052015s\ssw555\source.cpp(591): warning C4018: '<' : signed/unsigned mismatch
     1>c:\users\gong\documents\github\ssw555tm052015s\ssw555\source.cpp(673): warning C4018: '<' : signed/unsigned mismatch
     1>c:\users\gong\documents\github\ssw555tm052015s\ssw555\source.cpp(690): warning C4018: '<' : signed/unsigned mismatch
     1>c:\users\gong\documents\github\ssw555tm052015s\ssw555\source.cpp(694): warning C4018: '<' : signed/unsigned mismatch
     1>c:\users\gong\documents\github\ssw555tm052015s\ssw555\source.cpp(698): warning C4018: '<' : signed/unsigned mismatch
     1>c:\users\gong\documents\github\ssw555tm052015s\ssw555\source.cpp(702): warning C4018: '<' : signed/unsigned mismatch
     1>c:\users\gong\documents\github\ssw555tm052015s\ssw555\source.cpp(709): warning C4018: '<' : signed/unsigned mismatch
     1>c:\users\gong\documents\github\ssw555tm052015s\ssw555\source.cpp(713): warning C4018: '<' : signed/unsigned mismatch
     1>c:\users\gong\documents\github\ssw555tm052015s\ssw555\source.cpp(725): warning C4018: '<' : signed/unsigned mismatch
     1>c:\users\gong\documents\github\ssw555tm052015s\ssw555\source.cpp(737): warning C4018: '<' : signed/unsigned mismatch
     1>c:\users\gong\documents\github\ssw555tm052015s\ssw555\source.cpp(758): warning C4018: '<' : signed/unsigned mismatch
     1>c:\users\gong\documents\github\ssw555tm052015s\ssw555\source.cpp(783): warning C4018: '<' : signed/unsigned mismatch
     1>c:\users\gong\documents\github\ssw555tm052015s\ssw555\source.cpp(785): warning C4018: '<' : signed/unsigned mismatch
     1>c:\users\gong\documents\github\ssw555tm052015s\ssw555\source.cpp(795): warning C4018: '<' : signed/unsigned mismatch
     1>c:\users\gong\documents\github\ssw555tm052015s\ssw555\source.cpp(809): warning C4018: '<' : signed/unsigned mismatch
     1>c:\users\gong\documents\github\ssw555tm052015s\ssw555\source.cpp(813): warning C4018: '<' : signed/unsigned mismatch
     1>c:\users\gong\documents\github\ssw555tm052015s\ssw555\source.cpp(824): warning C4018: '<' : signed/unsigned mismatch
     1>c:\users\gong\documents\github\ssw555tm052015s\ssw555\source.cpp(840): warning C4018: '<' : signed/unsigned mismatch
     1>c:\users\gong\documents\github\ssw555tm052015s\ssw555\source.cpp(856): warning C4018: '<' : signed/unsigned mismatch
     1>c:\users\gong\documents\github\ssw555tm052015s\ssw555\source.cpp(869): warning C4018: '<' : signed/unsigned mismatch
     1>c:\users\gong\documents\github\ssw555tm052015s\ssw555\source.cpp(872): warning C4018: '<' : signed/unsigned mismatch
     1>c:\users\gong\documents\github\ssw555tm052015s\ssw555\source.cpp(883): warning C4018: '<' : signed/unsigned mismatch
     1>c:\users\gong\documents\github\ssw555tm052015s\ssw555\source.cpp(907): warning C4018: '<' : signed/unsigned mismatch
     1>c:\users\gong\documents\github\ssw555tm052015s\ssw555\source.cpp(960): warning C4018: '<' : signed/unsigned mismatch
     1>c:\users\gong\documents\github\ssw555tm052015s\ssw555\source.cpp(906): warning C4101: 'isDeatLeap' : unreferenced local variable
     1>c:\users\gong\documents\github\ssw555tm052015s\ssw555\source.cpp(906): warning C4101: 'isBirtLeap' : unreferenced local variable
     1>c:\users\gong\documents\github\ssw555tm052015s\ssw555\source.cpp(962): warning C4101: 'isDivLeap' : unreferenced local variable
     1>c:\users\gong\documents\github\ssw555tm052015s\ssw555\source.cpp(962): warning C4101: 'isMarrLeap' : unreferenced local variable
     1>c:\users\gong\documents\github\ssw555tm052015s\ssw555\source.cpp(1006): warning C4018: '<' : signed/unsigned mismatch
     1>c:\users\gong\documents\github\ssw555tm052015s\ssw555\source.cpp(1008): warning C4018: '<' : signed/unsigned mismatch
     1>c:\users\gong\documents\github\ssw555tm052015s\ssw555\source.cpp(1010): warning C4018: '<' : signed/unsigned mismatch
     1>c:\users\gong\documents\github\ssw555tm052015s\ssw555\source.cpp(1021): warning C4018: '<' : signed/unsigned mismatch
     1>c:\users\gong\documents\github\ssw555tm052015s\ssw555\source.cpp(1023): warning C4018: '<' : signed/unsigned mismatch
     1>c:\users\gong\documents\github\ssw555tm052015s\ssw555\source.cpp(1039): warning C4018: '<' : signed/unsigned mismatch
     1>c:\users\gong\documents\github\ssw555tm052015s\ssw555\source.cpp(1043): warning C4018: '<' : signed/unsigned mismatch
     1>c:\users\gong\documents\github\ssw555tm052015s\ssw555\source.cpp(1056): warning C4018: '<' : signed/unsigned mismatch
     1>c:\users\gong\documents\github\ssw555tm052015s\ssw555\source.cpp(1075): warning C4018: '<' : signed/unsigned mismatch
     1>c:\users\gong\documents\github\ssw555tm052015s\ssw555\source.cpp(1077): warning C4018: '<' : signed/unsigned mismatch
     1>c:\users\gong\documents\github\ssw555tm052015s\ssw555\source.cpp(1078): warning C4018: '<' : signed/unsigned mismatch
     1>c:\users\gong\documents\github\ssw555tm052015s\ssw555\source.cpp(1079): warning C4018: '<' : signed/unsigned mismatch
     1>c:\users\gong\documents\github\ssw555tm052015s\ssw555\source.cpp(1080): warning C4018: '<' : signed/unsigned mismatch
     1>c:\users\gong\documents\github\ssw555tm052015s\ssw555\source.cpp(1096): warning C4018: '<' : signed/unsigned mismatch
     1>c:\users\gong\documents\github\ssw555tm052015s\ssw555\source.cpp(1098): warning C4018: '<' : signed/unsigned mismatch
     1>c:\users\gong\documents\github\ssw555tm052015s\ssw555\source.cpp(1107): warning C4018: '<' : signed/unsigned mismatch
     1>c:\users\gong\documents\github\ssw555tm052015s\ssw555\source.cpp(38): warning C4996: 'localtime': This function or variable may be unsafe. Consider using localtime_s instead. To disable deprecation, use _CRT_SECURE_NO_WARNINGS. See online help for details.
                 e:\microsoft visual studio\vc\include\time.inl(112) : see declaration of 'localtime'
     1>c:\users\gong\documents\github\ssw555tm052015s\ssw555\source.cpp(1275): warning C4018: '<' : signed/unsigned mismatch
     1>c:\users\gong\documents\github\ssw555tm052015s\ssw555\source.cpp(1436): warning C4018: '<' : signed/unsigned mismatch
     1>c:\users\gong\documents\github\ssw555tm052015s\ssw555\source.cpp(1445): warning C4018: '<' : signed/unsigned mismatch
     1>c:\users\gong\documents\github\ssw555tm052015s\ssw555\source.cpp(1452): warning C4018: '<' : signed/unsigned mismatch
     1>c:\users\gong\documents\github\ssw555tm052015s\ssw555\source.cpp(1464): warning C4018: '<' : signed/unsigned mismatch
     1>c:\users\gong\documents\github\ssw555tm052015s\ssw555\source.cpp(1473): warning C4018: '<' : signed/unsigned mismatch
     1>c:\users\gong\documents\github\ssw555tm052015s\ssw555\source.cpp(1494): warning C4018: '<' : signed/unsigned mismatch
     1>c:\users\gong\documents\github\ssw555tm052015s\ssw555\source.cpp(1501): warning C4018: '<' : signed/unsigned mismatch
     1>c:\users\gong\documents\github\ssw555tm052015s\ssw555\source.cpp(1519): warning C4018: '<' : signed/unsigned mismatch
     1>c:\users\gong\documents\github\ssw555tm052015s\ssw555\source.cpp(1528): warning C4018: '<' : signed/unsigned mismatch
     1>c:\users\gong\documents\github\ssw555tm052015s\ssw555\source.cpp(1550): warning C4018: '<' : signed/unsigned mismatch
     1>c:\users\gong\documents\github\ssw555tm052015s\ssw555\source.cpp(1555): warning C4018: '<' : signed/unsigned mismatch
     1>c:\users\gong\documents\github\ssw555tm052015s\ssw555\source.cpp(1558): warning C4018: '<' : signed/unsigned mismatch
     1>c:\users\gong\documents\github\ssw555tm052015s\ssw555\source.cpp(1565): warning C4018: '<' : signed/unsigned mismatch
     1>c:\users\gong\documents\github\ssw555tm052015s\ssw555\source.cpp(1572): warning C4018: '<' : signed/unsigned mismatch
     1>c:\users\gong\documents\github\ssw555tm052015s\ssw555\source.cpp(1210): warning C4715: 'Genealogy::compareDate' : not all control paths return a value
     1>c:\users\gong\documents\github\ssw555tm052015s\ssw555\source.cpp(1157): warning C4715: 'Genealogy::monthMap' : not all control paths return a value
     1>c:\users\gong\documents\github\ssw555tm052015s\ssw555\source.cpp(1234): warning C4715: 'Genealogy::compareDate' : not all control paths return a value
       Link:
         E:\Microsoft Visual Studio\VC\bin\link.exe /ERRORREPORT:PROMPT /OUT:"C:\Users\Gong\Documents\GitHub\SSW555tm052015s\Debug\SSW555.exe" /INCREMENTAL /NOLOGO kernel32.lib user32.lib gdi32.lib winspool.lib comdlg32.lib advapi32.lib shell32.lib ole32.lib oleaut32.lib uuid.lib odbc32.lib odbccp32.lib /MANIFEST /MANIFESTUAC:"level='asInvoker' uiAccess='false'" /manifest:embed /DEBUG /PDB:"C:\Users\Gong\Documents\GitHub\SSW555tm052015s\Debug\SSW555.pdb" /SUBSYSTEM:CONSOLE /TLBID:1 /DYNAMICBASE /NXCOMPAT /IMPLIB:"C:\Users\Gong\Documents\GitHub\SSW555tm052015s\Debug\SSW555.lib" /MACHINE:X86 Debug\Source.obj
         SSW555.vcxproj -> C:\Users\Gong\Documents\GitHub\SSW555tm052015s\Debug\SSW555.exe
     1>Done Building Project "C:\Users\Gong\Documents\GitHub\SSW555tm052015s\SSW555\SSW555.vcxproj" (Build target(s)).

Build succeeded.

Time Elapsed 00:00:01.10
