Build started 2/14/2015 10:09:18 AM.
     1>Project "C:\Users\AMOGHA\Documents\GitHub\Gedcom\SSW555\SSW555.vcxproj" on node 2 (Build target(s)).
     1>ClCompile:
         C:\Program Files (x86)\Microsoft Visual Studio 12.0\VC\bin\CL.exe /c /Zi /nologo /W3 /WX- /O2 /Oi /Oy- /GL /D WIN32 /D NDEBUG /D _CONSOLE /D _LIB /D _UNICODE /D UNICODE /Gm- /EHsc /MD /GS /Gy /fp:precise /Zc:wchar_t /Zc:forScope /Fo"Release\\" /Fd"Release\vc120.pdb" /Gd /TP /analyze- /errorReport:prompt Source.cpp
         Source.cpp
     1>Source.cpp(192): warning C4018: '<' : signed/unsigned mismatch
     1>Source.cpp(275): warning C4018: '<' : signed/unsigned mismatch
     1>Source.cpp(288): warning C4018: '<' : signed/unsigned mismatch
     1>Source.cpp(300): warning C4018: '<' : signed/unsigned mismatch
     1>Source.cpp(309): warning C4018: '<' : signed/unsigned mismatch
     1>Source.cpp(322): warning C4018: '<' : signed/unsigned mismatch
     1>Source.cpp(335): warning C4018: '<' : signed/unsigned mismatch
     1>Source.cpp(339): warning C4018: '<' : signed/unsigned mismatch
     1>Source.cpp(351): warning C4018: '<' : signed/unsigned mismatch
     1>Source.cpp(363): warning C4018: '<' : signed/unsigned mismatch
     1>Source.cpp(375): warning C4018: '<' : signed/unsigned mismatch
     1>Source.cpp(384): warning C4018: '<' : signed/unsigned mismatch
     1>Source.cpp(403): warning C4018: '<' : signed/unsigned mismatch
       Link:
         C:\Program Files (x86)\Microsoft Visual Studio 12.0\VC\bin\link.exe /ERRORREPORT:PROMPT /OUT:"C:\Users\AMOGHA\Documents\GitHub\Gedcom\Release\SSW555.exe" /INCREMENTAL:NO /NOLOGO kernel32.lib user32.lib gdi32.lib winspool.lib comdlg32.lib advapi32.lib shell32.lib ole32.lib oleaut32.lib uuid.lib odbc32.lib odbccp32.lib /MANIFEST /MANIFESTUAC:"level='asInvoker' uiAccess='false'" /manifest:embed /DEBUG /PDB:"C:\Users\AMOGHA\Documents\GitHub\Gedcom\Release\SSW555.pdb" /SUBSYSTEM:CONSOLE /OPT:REF /OPT:ICF /LTCG /TLBID:1 /DYNAMICBASE /NXCOMPAT /IMPLIB:"C:\Users\AMOGHA\Documents\GitHub\Gedcom\Release\SSW555.lib" /MACHINE:X86 /SAFESEH Release\Source.obj
         Generating code
         Finished generating code
         SSW555.vcxproj -> C:\Users\AMOGHA\Documents\GitHub\Gedcom\Release\SSW555.exe
     1>Done Building Project "C:\Users\AMOGHA\Documents\GitHub\Gedcom\SSW555\SSW555.vcxproj" (Build target(s)).

Build succeeded.

Time Elapsed 00:00:02.78
